[debug] [2019-02-17T16:47:37.926Z] ----------------------------------------------------------------------
[debug] [2019-02-17T16:47:37.929Z] Command:       /home/ubuntu/.nvm/versions/node/v11.10.0/bin/node /home/ubuntu/.nvm/versions/node/v11.10.0/bin/firebase login
[debug] [2019-02-17T16:47:37.929Z] CLI Version:   6.3.1
[debug] [2019-02-17T16:47:37.929Z] Platform:      linux
[debug] [2019-02-17T16:47:37.929Z] Node Version:  v11.10.0
[debug] [2019-02-17T16:47:37.946Z] Time:          Sun Feb 17 2019 16:47:37 GMT+0000 (Coordinated Universal Time)
[debug] [2019-02-17T16:47:37.946Z] ----------------------------------------------------------------------
[debug] 
[info] 
[info] Visit this URL on any device to log in:
[info] https://accounts.google.com/o/oauth2/auth?client_id=563584335869-fgrhgmd47bqnekij5i8b5pr03ho849e6.apps.googleusercontent.com&scope=email%20openid%20https%3A%2F%2Fwww.googleapis.com%2Fauth%2Fcloudplatformprojects.readonly%20https%3A%2F%2Fwww.googleapis.com%2Fauth%2Ffirebase%20https%3A%2F%2Fwww.googleapis.com%2Fauth%2Fcloud-platform&response_type=code&state=853644571&redirect_uri=http%3A%2F%2Flocalhost%3A9005
[info] 
[info] Waiting for authentication...
[debug] [2019-02-17T16:48:54.928Z] ----------------------------------------------------------------------
[debug] [2019-02-17T16:48:54.931Z] Command:       /home/ubuntu/.nvm/versions/node/v11.10.0/bin/node /home/ubuntu/.nvm/versions/node/v11.10.0/bin/firebase login
[debug] [2019-02-17T16:48:54.931Z] CLI Version:   6.3.1
[debug] [2019-02-17T16:48:54.931Z] Platform:      linux
[debug] [2019-02-17T16:48:54.931Z] Node Version:  v11.10.0
[debug] [2019-02-17T16:48:54.941Z] Time:          Sun Feb 17 2019 16:48:54 GMT+0000 (Coordinated Universal Time)
[debug] [2019-02-17T16:48:54.941Z] ----------------------------------------------------------------------
[debug] 
[info] 
[info] Visit this URL on any device to log in:
[info] https://accounts.google.com/o/oauth2/auth?client_id=563584335869-fgrhgmd47bqnekij5i8b5pr03ho849e6.apps.googleusercontent.com&scope=email%20openid%20https%3A%2F%2Fwww.googleapis.com%2Fauth%2Fcloudplatformprojects.readonly%20https%3A%2F%2Fwww.googleapis.com%2Fauth%2Ffirebase%20https%3A%2F%2Fwww.googleapis.com%2Fauth%2Fcloud-platform&response_type=code&state=509559767&redirect_uri=http%3A%2F%2Flocalhost%3A9005
[info] 
[info] Waiting for authentication...
